2026-02-18 13:13:41 [error]: Error: Route.get() requires a callback function but got a [object Undefined]
    at Route.<computed> [as get] (C:\Users\matia\Downloads\Kimi_Agent_Panel Admin Peluquería Completo\barbershop-admin\backend\node_modules\express\lib\router\route.js:216:15)
    at Function.proto.<computed> [as get] (C:\Users\matia\Downloads\Kimi_Agent_Panel Admin Peluquería Completo\barbershop-admin\backend\node_modules\express\lib\router\index.js:521:19)
    at Object.<anonymous> (C:\Users\matia\Downloads\Kimi_Agent_Panel Admin Peluquería Completo\barbershop-admin\backend\src\routes\employee.routes.ts:9:8)
    at Module.<anonymous> (node:internal/modules/cjs/loader:1706:14)
    at Module._compile (C:\Users\matia\Downloads\Kimi_Agent_Panel Admin Peluquería Completo\barbershop-admin\backend\node_modules\source-map-support\source-map-support.js:568:25)
    at Module.m._compile (C:\Users\matia\AppData\Local\Temp\ts-node-dev-hook-4112139182364998.js:69:33)
    at node:internal/modules/cjs/loader:1839:10
    at require.extensions..jsx.require.extensions..js (C:\Users\matia\AppData\Local\Temp\ts-node-dev-hook-4112139182364998.js:114:20)
    at require.extensions.<computed> (C:\Users\matia\AppData\Local\Temp\ts-node-dev-hook-4112139182364998.js:71:20)
    at Object.nodeDevHook [as .ts] (C:\Users\matia\Downloads\Kimi_Agent_Panel Admin Peluquería Completo\barbershop-admin\backend\node_modules\ts-node-dev\lib\hook.js:63:13)
2026-02-20 21:29:03 [error]: Error: Cannot find module 'nodemailer'
Require stack:
- C:\Users\matia\Downloads\Kimi_Agent_Panel Admin Peluquería Completo\barbershop-admin\backend\src\services\notification.service.ts
- C:\Users\matia\Downloads\Kimi_Agent_Panel Admin Peluquería Completo\barbershop-admin\backend\src\services\employee.service.ts
- C:\Users\matia\Downloads\Kimi_Agent_Panel Admin Peluquería Completo\barbershop-admin\backend\src\controllers\employee.controller.ts
- C:\Users\matia\Downloads\Kimi_Agent_Panel Admin Peluquería Completo\barbershop-admin\backend\src\routes\employee.routes.ts
- C:\Users\matia\Downloads\Kimi_Agent_Panel Admin Peluquería Completo\barbershop-admin\backend\src\app.ts
    at Function._resolveFilename (node:internal/modules/cjs/loader:1383:15)
    at defaultResolveImpl (node:internal/modules/cjs/loader:1025:19)
    at resolveForCJSWithHooks (node:internal/modules/cjs/loader:1030:22)
    at Function._load (node:internal/modules/cjs/loader:1192:37)
    at TracingChannel.traceSync (node:diagnostics_channel:322:14)
    at wrapModuleLoad (node:internal/modules/cjs/loader:237:24)
    at Module.require (node:internal/modules/cjs/loader:1463:12)
    at require (node:internal/modules/helpers:147:16)
    at Object.<anonymous> (C:\Users\matia\Downloads\Kimi_Agent_Panel Admin Peluquería Completo\barbershop-admin\backend\src\services\notification.service.ts:1:1)
    at Module.<anonymous> (node:internal/modules/cjs/loader:1706:14)
2026-02-20 21:29:09 [error]: Error: Cannot find module 'nodemailer'
Require stack:
- C:\Users\matia\Downloads\Kimi_Agent_Panel Admin Peluquería Completo\barbershop-admin\backend\src\services\notification.service.ts
- C:\Users\matia\Downloads\Kimi_Agent_Panel Admin Peluquería Completo\barbershop-admin\backend\src\services\employee.service.ts
- C:\Users\matia\Downloads\Kimi_Agent_Panel Admin Peluquería Completo\barbershop-admin\backend\src\controllers\employee.controller.ts
- C:\Users\matia\Downloads\Kimi_Agent_Panel Admin Peluquería Completo\barbershop-admin\backend\src\routes\employee.routes.ts
- C:\Users\matia\Downloads\Kimi_Agent_Panel Admin Peluquería Completo\barbershop-admin\backend\src\app.ts
    at Function._resolveFilename (node:internal/modules/cjs/loader:1383:15)
    at defaultResolveImpl (node:internal/modules/cjs/loader:1025:19)
    at resolveForCJSWithHooks (node:internal/modules/cjs/loader:1030:22)
    at Function._load (node:internal/modules/cjs/loader:1192:37)
    at TracingChannel.traceSync (node:diagnostics_channel:322:14)
    at wrapModuleLoad (node:internal/modules/cjs/loader:237:24)
    at Module.require (node:internal/modules/cjs/loader:1463:12)
    at require (node:internal/modules/helpers:147:16)
    at Object.<anonymous> (C:\Users\matia\Downloads\Kimi_Agent_Panel Admin Peluquería Completo\barbershop-admin\backend\src\services\notification.service.ts:1:1)
    at Module.<anonymous> (node:internal/modules/cjs/loader:1706:14)
2026-02-20 21:29:58 [error]: Error: Cannot find module 'nodemailer'
Require stack:
- C:\Users\matia\Downloads\Kimi_Agent_Panel Admin Peluquería Completo\barbershop-admin\backend\src\services\notification.service.ts
- C:\Users\matia\Downloads\Kimi_Agent_Panel Admin Peluquería Completo\barbershop-admin\backend\src\services\employee.service.ts
- C:\Users\matia\Downloads\Kimi_Agent_Panel Admin Peluquería Completo\barbershop-admin\backend\src\controllers\employee.controller.ts
- C:\Users\matia\Downloads\Kimi_Agent_Panel Admin Peluquería Completo\barbershop-admin\backend\src\routes\employee.routes.ts
- C:\Users\matia\Downloads\Kimi_Agent_Panel Admin Peluquería Completo\barbershop-admin\backend\src\app.ts
    at Function._resolveFilename (node:internal/modules/cjs/loader:1383:15)
    at defaultResolveImpl (node:internal/modules/cjs/loader:1025:19)
    at resolveForCJSWithHooks (node:internal/modules/cjs/loader:1030:22)
    at Function._load (node:internal/modules/cjs/loader:1192:37)
    at TracingChannel.traceSync (node:diagnostics_channel:322:14)
    at wrapModuleLoad (node:internal/modules/cjs/loader:237:24)
    at Module.require (node:internal/modules/cjs/loader:1463:12)
    at require (node:internal/modules/helpers:147:16)
    at Object.<anonymous> (C:\Users\matia\Downloads\Kimi_Agent_Panel Admin Peluquería Completo\barbershop-admin\backend\src\services\notification.service.ts:1:1)
    at Module.<anonymous> (node:internal/modules/cjs/loader:1706:14)
